src/components/cards/__tests__/AppointmentCardDemo.tsx(133,13): error TS2322: Type '() => null' is not assignable to type 'ReactNode'.
src/lib/email/appointment-email.ts(38,42): error TS2769: No overload matches this call.
  The last overload gave the following error.
    Type 'string | undefined' is not assignable to type 'string'.
      Type 'undefined' is not assignable to type 'string'.
src/lib/security/csrf-protection.ts(53,46): error TS2345: Argument of type 'string | undefined' is not assignable to parameter of type 'string'.
  Type 'undefined' is not assignable to type 'string'.
src/lib/security/dataRetention.ts(211,15): error TS18048: 'local' is possibly 'undefined'.
src/lib/security/sessionSecurity.ts(128,36): error TS2769: No overload matches this call.
  Overload 1 of 2, '(data: string): string', gave the following error.
    Argument of type 'string | undefined' is not assignable to parameter of type 'string'.
      Type 'undefined' is not assignable to type 'string'.
  Overload 2 of 2, '(data: string): string', gave the following error.
    Argument of type 'string | undefined' is not assignable to parameter of type 'string'.
      Type 'undefined' is not assignable to type 'string'.
src/lib/security/sessionSecurity.ts(129,37): error TS2769: No overload matches this call.
  Overload 1 of 2, '(data: string): string', gave the following error.
    Argument of type 'string | undefined' is not assignable to parameter of type 'string'.
      Type 'undefined' is not assignable to type 'string'.
  Overload 2 of 2, '(data: string): string', gave the following error.
    Argument of type 'string | undefined' is not assignable to parameter of type 'string'.
      Type 'undefined' is not assignable to type 'string'.
src/lib/tenant-auth.ts(115,26): error TS2532: Object is possibly 'undefined'.
src/lib/tenant-auth.ts(146,26): error TS2532: Object is possibly 'undefined'.
src/lib/tenant-routing.ts(68,26): error TS2532: Object is possibly 'undefined'.
src/lib/tenant-routing.ts(217,26): error TS2532: Object is possibly 'undefined'.
src/lib/timezone-from-address.ts(189,20): error TS2532: Object is possibly 'undefined'.
src/lib/upload/upload-progress.ts(260,30): error TS2769: No overload matches this call.
  Overload 1 of 3, '(name: string, value: string | Blob): void', gave the following error.
    Argument of type 'Blob | undefined' is not assignable to parameter of type 'string | Blob'.
      Type 'undefined' is not assignable to type 'string | Blob'.
  Overload 2 of 3, '(name: string, value: string): void', gave the following error.
    Argument of type 'Blob | undefined' is not assignable to parameter of type 'string'.
      Type 'undefined' is not assignable to type 'string'.
  Overload 3 of 3, '(name: string, blobValue: Blob, filename?: string | undefined): void', gave the following error.
    Argument of type 'Blob | undefined' is not assignable to parameter of type 'Blob'.
      Type 'undefined' is not assignable to type 'Blob'.
src/lib/utils/date.ts(36,20): error TS2345: Argument of type 'string | undefined' is not assignable to parameter of type 'string'.
  Type 'undefined' is not assignable to type 'string'.
src/lib/utils/date.ts(37,20): error TS2345: Argument of type 'string | undefined' is not assignable to parameter of type 'string'.
  Type 'undefined' is not assignable to type 'string'.
src/lib/utils/date.ts(38,20): error TS2345: Argument of type 'string | undefined' is not assignable to parameter of type 'string'.
  Type 'undefined' is not assignable to type 'string'.
src/lib/utils/update-page-image.ts(32,7): error TS2322: Type 'string | null | undefined' is not assignable to type 'string | null'.
  Type 'undefined' is not assignable to type 'string | null'.
src/lib/utils/update-page-logo.ts(28,9): error TS2322: Type 'string | undefined' is not assignable to type 'string | null'.
  Type 'undefined' is not assignable to type 'string | null'.
src/lib/website-builder/accessibility.ts(165,19): error TS18048: 'rs' is possibly 'undefined'.
src/lib/website-builder/accessibility.ts(165,33): error TS18048: 'gs' is possibly 'undefined'.
src/lib/website-builder/accessibility.ts(165,47): error TS18048: 'bs' is possibly 'undefined'.
