src/components/cards/__tests__/AppointmentCardDemo.tsx(133,13): error TS2322: Type '() => null' is not assignable to type 'ReactNode'.
src/lib/security/csrf-protection.ts(53,46): error TS2345: Argument of type 'string | undefined' is not assignable to parameter of type 'string'.
  Type 'undefined' is not assignable to type 'string'.
src/lib/security/dataRetention.ts(211,15): error TS18048: 'local' is possibly 'undefined'.
src/lib/tenant-auth.ts(115,26): error TS2532: Object is possibly 'undefined'.
src/lib/tenant-auth.ts(146,26): error TS2532: Object is possibly 'undefined'.
src/lib/tenant-routing.ts(68,26): error TS2532: Object is possibly 'undefined'.
src/lib/tenant-routing.ts(217,26): error TS2532: Object is possibly 'undefined'.
src/lib/timezone-from-address.ts(189,20): error TS2532: Object is possibly 'undefined'.
src/lib/upload/upload-progress.ts(260,30): error TS2769: No overload matches this call.
  Overload 1 of 3, '(name: string, value: string | Blob): void', gave the following error.
    Argument of type 'Blob | undefined' is not assignable to parameter of type 'string | Blob'.
      Type 'undefined' is not assignable to type 'string | Blob'.
  Overload 2 of 3, '(name: string, value: string): void', gave the following error.
    Argument of type 'Blob | undefined' is not assignable to parameter of type 'string'.
      Type 'undefined' is not assignable to type 'string'.
  Overload 3 of 3, '(name: string, blobValue: Blob, filename?: string | undefined): void', gave the following error.
    Argument of type 'Blob | undefined' is not assignable to parameter of type 'Blob'.
      Type 'undefined' is not assignable to type 'Blob'.
src/lib/utils/date.ts(36,20): error TS2345: Argument of type 'string | undefined' is not assignable to parameter of type 'string'.
  Type 'undefined' is not assignable to type 'string'.
src/lib/utils/date.ts(37,20): error TS2345: Argument of type 'string | undefined' is not assignable to parameter of type 'string'.
  Type 'undefined' is not assignable to type 'string'.
src/lib/utils/date.ts(38,20): error TS2345: Argument of type 'string | undefined' is not assignable to parameter of type 'string'.
  Type 'undefined' is not assignable to type 'string'.
