src/lib/utils/date.ts(62,5): error TS1005: 'try' expected.
src/lib/utils/date.ts(77,1): error TS1472: 'catch' or 'finally' expected.
src/lib/utils/date.ts(138,1): error TS1005: '}' expected.
